Containers:
  [+] MainContainer:
   |            ID: 0x0000000000000000
   |        Bounds: IsValid=false, Min=(X=0.000 Y=0.000 Z=0.000), Max=(X=0.000 Y=0.000 Z=0.000)
   |     Transform: 0.000000,0.000000,0.000000|0.000000,0.000000,-0.000000|1.000000,1.000000,1.000000
   |     Container: /Game/Playground/ThirdPersonMap
   |  ActorDescs:
   |      - Guid:24B7B7144C4A34544CEC689B17409927 Class:StaticMeshActor Name:StaticMeshActor_UAID_38F3AB227102342001_1466502107 SpatiallyLoaded:true Bounds:IsValid=true, Min=(X=-2650.000 Y=-400.000 Z=397.831), Max=(X=-1650.000 Y=600.000 Z=697.831) RuntimeGrid:None EditorOnly:false LevelBoundsRelevant:true HLODRelevant:true FolderPath:Playground/Level FolderGuid:38DCADFA401D0F91E74164BE7388078D Parent:00000000000000000000000000000000
   |      - Guid:2F8244A44F7D225474364C88D1E0F455 Class:Actor Name:CubeGroundBP_C_UAID_38F3AB227102981201_2050300920 SpatiallyLoaded:true Bounds:IsValid=true, Min=(X=-6098.316 Y=-5404.877 Z=-2.294), Max=(X=3901.684 Y=4595.123 Z=97.706) RuntimeGrid:None EditorOnly:false LevelBoundsRelevant:true HLODRelevant:false FolderPath:Playground/Boundaries FolderGuid:4438ED4B417E0ECB5D49B4BF037C43D3 Parent:00000000000000000000000000000000
   |      - Guid:4C7120BD481AE169BEC00F8C869D0E49 Class:StaticMeshActor Name:StaticMeshActor_UAID_38F3AB227102342001_1302304104 SpatiallyLoaded:true Bounds:IsValid=true, Min=(X=-2650.000 Y=-400.000 Z=97.831), Max=(X=-1650.000 Y=600.000 Z=397.831) RuntimeGrid:None EditorOnly:false LevelBoundsRelevant:true HLODRelevant:true FolderPath:Playground/Level FolderGuid:38DCADFA401D0F91E74164BE7388078D Parent:00000000000000000000000000000000
   |      - Guid:6F4077DD4F985E0D2AB7A4B5883BD566 Class:DirectionalLight Name:DirectionalLight_UAID_38F3AB227102D51501_1379350830 SpatiallyLoaded:false Bounds:IsValid=true, Min=(X=-1048576.000 Y=-1048576.000 Z=-1048576.000), Max=(X=1048576.000 Y=1048576.000 Z=1048576.000) RuntimeGrid:None EditorOnly:false LevelBoundsRelevant:false HLODRelevant:false FolderPath:Playground/Lighting FolderGuid:08A10B054C95868C663DE39EE4343813 Parent:00000000000000000000000000000000
   |      - Guid:70853F5E469324CD6DBECCAE56F73869 Class:DirectionalLight Name:DirectionalLight_UAID_38F3AB2271021C1601_1206749319 SpatiallyLoaded:false Bounds:IsValid=true, Min=(X=-1048576.000 Y=-1048576.000 Z=-1048576.000), Max=(X=1048576.000 Y=1048576.000 Z=1048576.000) RuntimeGrid:None EditorOnly:false LevelBoundsRelevant:false HLODRelevant:false FolderPath:Playground/Lighting FolderGuid:08A10B054C95868C663DE39EE4343813 Parent:00000000000000000000000000000000
   |      - Guid:788903924598EC8109F9709A8AB41C0D Class:WorldDataLayers Name:WorldDataLayers SpatiallyLoaded:false Bounds:IsValid=true, Min=(X=0.000 Y=0.000 Z=0.000), Max=(X=0.000 Y=0.000 Z=0.000) RuntimeGrid:None EditorOnly:false LevelBoundsRelevant:false HLODRelevant:false FolderPath:Playground/World FolderGuid:5344106E43F408DF013B7C86805507AA Parent:00000000000000000000000000000000
   |      - Guid:7EFD4FF844D80BEBADDDA29A0F950AC5 Class:StaticMeshActor Name:StaticMeshActor_UAID_38F3AB227102342001_1491525109 SpatiallyLoaded:true Bounds:IsValid=true, Min=(X=-600.000 Y=-650.000 Z=97.831), Max=(X=-350.000 Y=-400.000 Z=297.831) RuntimeGrid:None EditorOnly:false LevelBoundsRelevant:true HLODRelevant:true FolderPath:None FolderGuid:00000000000000000000000000000000 Parent:00000000000000000000000000000000
   |      - Guid:7FBA69334B9497FEFAA7F3BE1151D3DA Class:StaticMeshActor Name:StaticMeshActor_UAID_38F3AB227102342001_1449400105 SpatiallyLoaded:true Bounds:IsValid=true, Min=(X=-2400.000 Y=-1400.000 Z=97.831), Max=(X=-1900.000 Y=-900.000 Z=397.831) RuntimeGrid:None EditorOnly:false LevelBoundsRelevant:true HLODRelevant:true FolderPath:Playground/Level FolderGuid:38DCADFA401D0F91E74164BE7388078D Parent:00000000000000000000000000000000
   |      - Guid:9FFE6665469AE829D82050A8B1F67178 Class:DirectionalLight Name:DirectionalLight_1 SpatiallyLoaded:false Bounds:IsValid=true, Min=(X=-1048576.000 Y=-1048576.000 Z=-1048576.000), Max=(X=1048576.000 Y=1048576.000 Z=1048576.000) RuntimeGrid:None EditorOnly:false LevelBoundsRelevant:false HLODRelevant:false FolderPath:Playground/Lighting FolderGuid:08A10B054C95868C663DE39EE4343813 Parent:00000000000000000000000000000000
   |      - Guid:A85A7AD046A0462D176E6889992C1216 Class:PostProcessVolume Name:PostProcessVolume_0 SpatiallyLoaded:false Bounds:IsValid=true, Min=(X=-100.000 Y=-100.000 Z=10800.000), Max=(X=100.000 Y=100.000 Z=11000.000) RuntimeGrid:None EditorOnly:false LevelBoundsRelevant:false HLODRelevant:false FolderPath:Playground/Lighting FolderGuid:08A10B054C95868C663DE39EE4343813 Parent:00000000000000000000000000000000
   |      - Guid:B23C247D4E34A96052E563A19E79FA75 Class:ExponentialHeightFog Name:ExponentialHeightFog_1 SpatiallyLoaded:false Bounds:IsValid=true, Min=(X=0.000 Y=0.000 Z=10900.000), Max=(X=0.000 Y=0.000 Z=10900.000) RuntimeGrid:None EditorOnly:false LevelBoundsRelevant:false HLODRelevant:false FolderPath:Playground/Lighting FolderGuid:08A10B054C95868C663DE39EE4343813 Parent:00000000000000000000000000000000
   |      - Guid:B8EE71BA4CB4568595E6D68E029571D4 Class:StaticMeshActor Name:StaticMeshActor_UAID_38F3AB227102342001_1469353108 SpatiallyLoaded:true Bounds:IsValid=true, Min=(X=-2400.000 Y=-1400.000 Z=398.207), Max=(X=-1900.000 Y=-900.000 Z=698.207) RuntimeGrid:None EditorOnly:false LevelBoundsRelevant:true HLODRelevant:true FolderPath:Playground/Level FolderGuid:38DCADFA401D0F91E74164BE7388078D Parent:00000000000000000000000000000000
   |      - Guid:C726A3284B806D4C379405885740B688 Class:PlayerStart Name:PlayerStart_0 SpatiallyLoaded:false Bounds:IsValid=true, Min=(X=-1290.000 Y=-40.000 Z=97.831), Max=(X=-1210.000 Y=40.000 Z=281.831) RuntimeGrid:None EditorOnly:false LevelBoundsRelevant:true HLODRelevant:false FolderPath:None FolderGuid:00000000000000000000000000000000 Parent:00000000000000000000000000000000
