Containers:
  [+] MainContainer:
   |            ID: 0x0000000000000000
   |        Bounds: IsValid=false, Min=(X=0.000 Y=0.000 Z=0.000), Max=(X=0.000 Y=0.000 Z=0.000)
   |     Transform: 0.000000,0.000000,0.000000|0.000000,0.000000,-0.000000|1.000000,1.000000,1.000000
   |     Container: /Game/ThirdPerson/Maps/ThirdPersonMap
   |  ActorDescs:
   |      - Guid:174DF71143EA367D14F3838C26CC06DF Class:SkyLight Name:SkyLight_0 SpatiallyLoaded:false Bounds:IsValid=true, Min=(X=0.000 Y=0.000 Z=690.000), Max=(X=0.000 Y=0.000 Z=690.000) RuntimeGrid:None EditorOnly:false LevelBoundsRelevant:false HLODRelevant:false FolderPath:Lighting FolderGuid:08A10B054C95868C663DE39EE4343813 Parent:00000000000000000000000000000000
   |      - Guid:4F7B735A44E12B4B031927A9FC21C460 Class:VolumetricCloud Name:VolumetricCloud_1 SpatiallyLoaded:false Bounds:IsValid=true, Min=(X=0.000 Y=0.000 Z=820.000), Max=(X=0.000 Y=0.000 Z=820.000) RuntimeGrid:None EditorOnly:false LevelBoundsRelevant:false HLODRelevant:false FolderPath:Lighting FolderGuid:08A10B054C95868C663DE39EE4343813 Parent:00000000000000000000000000000000
   |      - Guid:5C7C5C40408F48C386D06CA03AB130C2 Class:StaticMeshActor Name:StaticMeshActor_UAID_A4AE111137DC5EFB00_1594956423 SpatiallyLoaded:true Bounds:IsValid=true, Min=(X=-1638400.000 Y=-1638400.000 Z=-1638400.000), Max=(X=1638400.000 Y=1638400.000 Z=1638400.000) RuntimeGrid:None EditorOnly:false LevelBoundsRelevant:true HLODRelevant:true FolderPath:Lighting FolderGuid:08A10B054C95868C663DE39EE4343813 Parent:00000000000000000000000000000000
   |      - Guid:60588F9543DCBC4C5635B195D5785240 Class:StaticMeshActor Name:StaticMeshActor_UAID_38F3AB2271020A1201_1927322929 SpatiallyLoaded:true Bounds:IsValid=true, Min=(X=3058.000 Y=934.000 Z=1042.000), Max=(X=3758.000 Y=2134.000 Z=1092.000) RuntimeGrid:None EditorOnly:false LevelBoundsRelevant:true HLODRelevant:true FolderPath:Playground FolderGuid:8CD33C9A4E75AD59B95486AC740693D6 Parent:00000000000000000000000000000000
   |      - Guid:788903924598EC8109F9709A8AB41C0D Class:WorldDataLayers Name:WorldDataLayers SpatiallyLoaded:false Bounds:IsValid=true, Min=(X=0.000 Y=0.000 Z=0.000), Max=(X=0.000 Y=0.000 Z=0.000) RuntimeGrid:None EditorOnly:false LevelBoundsRelevant:false HLODRelevant:false FolderPath:World FolderGuid:5344106E43F408DF013B7C86805507AA Parent:00000000000000000000000000000000
   |      - Guid:9FFE6665469AE829D82050A8B1F67178 Class:DirectionalLight Name:DirectionalLight_1 SpatiallyLoaded:false Bounds:IsValid=true, Min=(X=-1048576.000 Y=-1048576.000 Z=-1048576.000), Max=(X=1048576.000 Y=1048576.000 Z=1048576.000) RuntimeGrid:None EditorOnly:false LevelBoundsRelevant:false HLODRelevant:false FolderPath:Lighting FolderGuid:08A10B054C95868C663DE39EE4343813 Parent:00000000000000000000000000000000
   |      - Guid:A85A7AD046A0462D176E6889992C1216 Class:PostProcessVolume Name:PostProcessVolume_0 SpatiallyLoaded:false Bounds:IsValid=true, Min=(X=0.000 Y=0.000 Z=400.000), Max=(X=200.000 Y=200.000 Z=600.000) RuntimeGrid:None EditorOnly:false LevelBoundsRelevant:false HLODRelevant:false FolderPath:Lighting FolderGuid:08A10B054C95868C663DE39EE4343813 Parent:00000000000000000000000000000000
   |      - Guid:B23C247D4E34A96052E563A19E79FA75 Class:ExponentialHeightFog Name:ExponentialHeightFog_1 SpatiallyLoaded:false Bounds:IsValid=true, Min=(X=-5600.000 Y=-50.000 Z=-6850.000), Max=(X=-5600.000 Y=-50.000 Z=-6850.000) RuntimeGrid:None EditorOnly:false LevelBoundsRelevant:false HLODRelevant:false FolderPath:Lighting FolderGuid:08A10B054C95868C663DE39EE4343813 Parent:00000000000000000000000000000000
   |      - Guid:B6150BB24CB5DC02F312258FD6D04535 Class:StaticMeshActor Name:StaticMeshActor_UAID_38F3AB2271020A1201_1914812928 SpatiallyLoaded:true Bounds:IsValid=true, Min=(X=2298.000 Y=1751.000 Z=619.000), Max=(X=2998.000 Y=2951.000 Z=669.000) RuntimeGrid:None EditorOnly:false LevelBoundsRelevant:true HLODRelevant:true FolderPath:Playground FolderGuid:8CD33C9A4E75AD59B95486AC740693D6 Parent:00000000000000000000000000000000
   |      - Guid:BD430F5245E33ECC56F7628FBABC5D84 Class:StaticMeshActor Name:StaticMeshActor_33 SpatiallyLoaded:true Bounds:IsValid=true, Min=(X=0.000 Y=0.000 Z=-50.000), Max=(X=3000.000 Y=3500.000 Z=0.000) RuntimeGrid:None EditorOnly:false LevelBoundsRelevant:true HLODRelevant:true FolderPath:Playground FolderGuid:8CD33C9A4E75AD59B95486AC740693D6 Parent:00000000000000000000000000000000
   |      - Guid:C726A3284B806D4C379405885740B688 Class:PlayerStart Name:PlayerStart_0 SpatiallyLoaded:false Bounds:IsValid=true, Min=(X=860.000 Y=1070.000 Z=0.013), Max=(X=940.000 Y=1150.000 Z=184.013) RuntimeGrid:None EditorOnly:false LevelBoundsRelevant:true HLODRelevant:false FolderPath:None FolderGuid:00000000000000000000000000000000 Parent:00000000000000000000000000000000
   |      - Guid:C768943D43B1D4FCC4C0F098EBF7CAC9 Class:StaticMeshActor Name:StaticMeshActor_36 SpatiallyLoaded:true Bounds:IsValid=true, Min=(X=0.000 Y=0.000 Z=0.000), Max=(X=3000.000 Y=100.000 Z=400.000) RuntimeGrid:None EditorOnly:false LevelBoundsRelevant:true HLODRelevant:true FolderPath:Playground FolderGuid:8CD33C9A4E75AD59B95486AC740693D6 Parent:00000000000000000000000000000000
   |      - Guid:DFB18E7243D0E24E3CBE21B8276A07E3 Class:StaticMeshActor Name:StaticMeshActor_UAID_38F3AB2271020A1201_1492479927 SpatiallyLoaded:true Bounds:IsValid=true, Min=(X=1832.000 Y=212.000 Z=239.000), Max=(X=2532.000 Y=1412.000 Z=289.000) RuntimeGrid:None EditorOnly:false LevelBoundsRelevant:true HLODRelevant:true FolderPath:Playground FolderGuid:8CD33C9A4E75AD59B95486AC740693D6 Parent:00000000000000000000000000000000
   |      - Guid:E7C88B004DFFF4BE08155AB223A0EF2C Class:SkyAtmosphere Name:SkyAtmosphere_1 SpatiallyLoaded:false Bounds:IsValid=true, Min=(X=0.000 Y=0.000 Z=1020.000), Max=(X=0.000 Y=0.000 Z=1020.000) RuntimeGrid:None EditorOnly:false LevelBoundsRelevant:false HLODRelevant:false FolderPath:Lighting FolderGuid:08A10B054C95868C663DE39EE4343813 Parent:00000000000000000000000000000000
   |      - Guid:ECF7DFF54DE28214A01D249B1B1CA773 Class:StaticMeshActor Name:StaticMeshActor_42 SpatiallyLoaded:true Bounds:IsValid=true, Min=(X=-0.000 Y=100.000 Z=0.000), Max=(X=100.000 Y=3400.000 Z=400.000) RuntimeGrid:None EditorOnly:false LevelBoundsRelevant:true HLODRelevant:true FolderPath:Playground FolderGuid:8CD33C9A4E75AD59B95486AC740693D6 Parent:00000000000000000000000000000000
   |      - Guid:F6974391454BE3281D0A9AAB775EBFF6 Class:StaticMeshActor Name:StaticMeshActor_43 SpatiallyLoaded:true Bounds:IsValid=true, Min=(X=2900.000 Y=100.000 Z=0.000), Max=(X=3000.000 Y=3400.000 Z=400.000) RuntimeGrid:None EditorOnly:false LevelBoundsRelevant:true HLODRelevant:true FolderPath:Playground FolderGuid:8CD33C9A4E75AD59B95486AC740693D6 Parent:00000000000000000000000000000000
   |      - Guid:FC2659D1462E0C2787253D85D4D3D619 Class:StaticMeshActor Name:StaticMeshActor_37 SpatiallyLoaded:true Bounds:IsValid=true, Min=(X=0.000 Y=3400.000 Z=0.000), Max=(X=3000.000 Y=3500.000 Z=400.000) RuntimeGrid:None EditorOnly:false LevelBoundsRelevant:true HLODRelevant:true FolderPath:Playground FolderGuid:8CD33C9A4E75AD59B95486AC740693D6 Parent:00000000000000000000000000000000
