Containers:
  [+] MainContainer:
   |            ID: 0x0000000000000000
   |        Bounds: IsValid=false, Min=(X=0.000 Y=0.000 Z=0.000), Max=(X=0.000 Y=0.000 Z=0.000)
   |     Transform: 0.000000,0.000000,0.000000|0.000000,0.000000,-0.000000|1.000000,1.000000,1.000000
   |     Container: /Game/ThirdPerson/Maps/ThirdPersonMap
   |  ActorDescs:
   |      - Guid:174DF71143EA367D14F3838C26CC06DF Class:SkyLight Name:SkyLight_0 SpatiallyLoaded:false Bounds:IsValid=true, Min=(X=0.000 Y=0.000 Z=690.000), Max=(X=0.000 Y=0.000 Z=690.000) RuntimeGrid:None EditorOnly:false LevelBoundsRelevant:false HLODRelevant:false FolderPath:Lighting FolderGuid:08A10B054C95868C663DE39EE4343813 Parent:00000000000000000000000000000000
   |      - Guid:230E7A85410DDF72CE15C8AAB42F8848 Class:Actor Name:CilinderPlatformBP_C_UAID_38F3AB227102A61201_1795486383 SpatiallyLoaded:true Bounds:IsValid=true, Min=(X=1780.000 Y=424.000 Z=-270.625), Max=(X=2060.000 Y=690.000 Z=444.875) RuntimeGrid:None EditorOnly:false LevelBoundsRelevant:true HLODRelevant:false FolderPath:Playground/Level/Platform FolderGuid:6B75F30C4386DE9BC14134B5803ABED2 Parent:00000000000000000000000000000000
   |      - Guid:2F8244A44F7D225474364C88D1E0F455 Class:Actor Name:CubeGroundBP_C_UAID_38F3AB227102981201_2050300920 SpatiallyLoaded:true Bounds:IsValid=true, Min=(X=113.500 Y=-56.000 Z=-221.000), Max=(X=2338.500 Y=1844.000 Z=-121.000) RuntimeGrid:None EditorOnly:false LevelBoundsRelevant:true HLODRelevant:false FolderPath:Playground/Level/Ground FolderGuid:566148284EEE623F41B5F28B6635ECFA Parent:00000000000000000000000000000000
   |      - Guid:498F3E0A4E63F32D45484BBD3BD9108E Class:Actor Name:CubePlatformBP_C_UAID_38F3AB227102991201_1106568098 SpatiallyLoaded:true Bounds:IsValid=true, Min=(X=-202.500 Y=1614.000 Z=421.500), Max=(X=2416.500 Y=1830.000 Z=1420.500) RuntimeGrid:None EditorOnly:false LevelBoundsRelevant:true HLODRelevant:false FolderPath:Playground/Level/Platform FolderGuid:6B75F30C4386DE9BC14134B5803ABED2 Parent:00000000000000000000000000000000
   |      - Guid:4E045DB34C8719ABE0D69DA9CAAF60E2 Class:Actor Name:CubePlatformBP_C_UAID_38F3AB227102AC1201_1813712439 SpatiallyLoaded:true Bounds:IsValid=true, Min=(X=1504.000 Y=841.000 Z=-685.500), Max=(X=2314.000 Y=1165.000 Z=313.500) RuntimeGrid:None EditorOnly:false LevelBoundsRelevant:true HLODRelevant:false FolderPath:Playground/Level/Platform FolderGuid:6B75F30C4386DE9BC14134B5803ABED2 Parent:00000000000000000000000000000000
   |      - Guid:4F7B735A44E12B4B031927A9FC21C460 Class:VolumetricCloud Name:VolumetricCloud_1 SpatiallyLoaded:false Bounds:IsValid=true, Min=(X=0.000 Y=0.000 Z=820.000), Max=(X=0.000 Y=0.000 Z=820.000) RuntimeGrid:None EditorOnly:false LevelBoundsRelevant:false HLODRelevant:false FolderPath:Lighting FolderGuid:08A10B054C95868C663DE39EE4343813 Parent:00000000000000000000000000000000
   |      - Guid:5C7C5C40408F48C386D06CA03AB130C2 Class:StaticMeshActor Name:StaticMeshActor_UAID_A4AE111137DC5EFB00_1594956423 SpatiallyLoaded:true Bounds:IsValid=true, Min=(X=-1638400.000 Y=-1638400.000 Z=-1638400.000), Max=(X=1638400.000 Y=1638400.000 Z=1638400.000) RuntimeGrid:None EditorOnly:false LevelBoundsRelevant:true HLODRelevant:true FolderPath:Lighting FolderGuid:08A10B054C95868C663DE39EE4343813 Parent:00000000000000000000000000000000
   |      - Guid:78320EFB4C40EB157C0EC19D24C1EEAC Class:Actor Name:CubePlatformBP_C_UAID_38F3AB227102981201_2106950921 SpatiallyLoaded:true Bounds:IsValid=true, Min=(X=701.000 Y=840.000 Z=-384.500), Max=(X=1511.000 Y=1164.000 Z=614.500) RuntimeGrid:None EditorOnly:false LevelBoundsRelevant:true HLODRelevant:false FolderPath:Playground/Level/Platform FolderGuid:6B75F30C4386DE9BC14134B5803ABED2 Parent:00000000000000000000000000000000
   |      - Guid:788903924598EC8109F9709A8AB41C0D Class:WorldDataLayers Name:WorldDataLayers SpatiallyLoaded:false Bounds:IsValid=true, Min=(X=0.000 Y=0.000 Z=0.000), Max=(X=0.000 Y=0.000 Z=0.000) RuntimeGrid:None EditorOnly:false LevelBoundsRelevant:false HLODRelevant:false FolderPath:World FolderGuid:5344106E43F408DF013B7C86805507AA Parent:00000000000000000000000000000000
   |      - Guid:9FFE6665469AE829D82050A8B1F67178 Class:DirectionalLight Name:DirectionalLight_1 SpatiallyLoaded:false Bounds:IsValid=true, Min=(X=-1048576.000 Y=-1048576.000 Z=-1048576.000), Max=(X=1048576.000 Y=1048576.000 Z=1048576.000) RuntimeGrid:None EditorOnly:false LevelBoundsRelevant:false HLODRelevant:false FolderPath:Playground/Lighting FolderGuid:08A10B054C95868C663DE39EE4343813 Parent:00000000000000000000000000000000
   |      - Guid:A85A7AD046A0462D176E6889992C1216 Class:PostProcessVolume Name:PostProcessVolume_0 SpatiallyLoaded:false Bounds:IsValid=true, Min=(X=0.000 Y=0.000 Z=400.000), Max=(X=200.000 Y=200.000 Z=600.000) RuntimeGrid:None EditorOnly:false LevelBoundsRelevant:false HLODRelevant:false FolderPath:Lighting FolderGuid:08A10B054C95868C663DE39EE4343813 Parent:00000000000000000000000000000000
   |      - Guid:B23C247D4E34A96052E563A19E79FA75 Class:ExponentialHeightFog Name:ExponentialHeightFog_1 SpatiallyLoaded:false Bounds:IsValid=true, Min=(X=-5600.000 Y=-50.000 Z=-6850.000), Max=(X=-5600.000 Y=-50.000 Z=-6850.000) RuntimeGrid:None EditorOnly:false LevelBoundsRelevant:false HLODRelevant:false FolderPath:Lighting FolderGuid:08A10B054C95868C663DE39EE4343813 Parent:00000000000000000000000000000000
   |      - Guid:C726A3284B806D4C379405885740B688 Class:PlayerStart Name:PlayerStart_0 SpatiallyLoaded:false Bounds:IsValid=true, Min=(X=860.000 Y=403.000 Z=-120.875), Max=(X=940.000 Y=483.000 Z=63.125) RuntimeGrid:None EditorOnly:false LevelBoundsRelevant:true HLODRelevant:false FolderPath:None FolderGuid:00000000000000000000000000000000 Parent:00000000000000000000000000000000
   |      - Guid:E7C88B004DFFF4BE08155AB223A0EF2C Class:SkyAtmosphere Name:SkyAtmosphere_1 SpatiallyLoaded:false Bounds:IsValid=true, Min=(X=0.000 Y=0.000 Z=1020.000), Max=(X=0.000 Y=0.000 Z=1020.000) RuntimeGrid:None EditorOnly:false LevelBoundsRelevant:false HLODRelevant:false FolderPath:Lighting FolderGuid:08A10B054C95868C663DE39EE4343813 Parent:00000000000000000000000000000000
